<?xml version="1.0" encoding="UTF-8"?>
<testsuite xmlns:xsi="http://www.w3.org/2001/XMLSchema-instance" xsi:noNamespaceSchemaLocation="https://maven.apache.org/surefire/maven-surefire-plugin/xsd/surefire-test-report.xsd" name="mflix.api.daos.MigrationTest" time="6.112" tests="2" errors="0" skipped="0" failures="2">
  <properties>
    <property name="sun.desktop" value="windows"/>
    <property name="awt.toolkit" value="sun.awt.windows.WToolkit"/>
    <property name="java.specification.version" value="11"/>
    <property name="sun.cpu.isalist" value="amd64"/>
    <property name="sun.jnu.encoding" value="Cp1252"/>
    <property name="java.class.path" value="D:\projects\mongo\java\mflix\target\test-classes;D:\projects\mongo\java\mflix\target\classes;C:\Users\maxim\.m2\repository\org\springframework\boot\spring-boot-starter-web\2.0.3.RELEASE\spring-boot-starter-web-2.0.3.RELEASE.jar;C:\Users\maxim\.m2\repository\org\springframework\boot\spring-boot-starter\2.0.3.RELEASE\spring-boot-starter-2.0.3.RELEASE.jar;C:\Users\maxim\.m2\repository\org\springframework\boot\spring-boot-starter-logging\2.0.3.RELEASE\spring-boot-starter-logging-2.0.3.RELEASE.jar;C:\Users\maxim\.m2\repository\ch\qos\logback\logback-classic\1.2.3\logback-classic-1.2.3.jar;C:\Users\maxim\.m2\repository\ch\qos\logback\logback-core\1.2.3\logback-core-1.2.3.jar;C:\Users\maxim\.m2\repository\org\apache\logging\log4j\log4j-to-slf4j\2.10.0\log4j-to-slf4j-2.10.0.jar;C:\Users\maxim\.m2\repository\org\apache\logging\log4j\log4j-api\2.10.0\log4j-api-2.10.0.jar;C:\Users\maxim\.m2\repository\org\slf4j\jul-to-slf4j\1.7.25\jul-to-slf4j-1.7.25.jar;C:\Users\maxim\.m2\repository\javax\annotation\javax.annotation-api\1.3.2\javax.annotation-api-1.3.2.jar;C:\Users\maxim\.m2\repository\org\yaml\snakeyaml\1.19\snakeyaml-1.19.jar;C:\Users\maxim\.m2\repository\org\springframework\boot\spring-boot-starter-json\2.0.3.RELEASE\spring-boot-starter-json-2.0.3.RELEASE.jar;C:\Users\maxim\.m2\repository\com\fasterxml\jackson\datatype\jackson-datatype-jdk8\2.9.6\jackson-datatype-jdk8-2.9.6.jar;C:\Users\maxim\.m2\repository\com\fasterxml\jackson\datatype\jackson-datatype-jsr310\2.9.6\jackson-datatype-jsr310-2.9.6.jar;C:\Users\maxim\.m2\repository\com\fasterxml\jackson\module\jackson-module-parameter-names\2.9.6\jackson-module-parameter-names-2.9.6.jar;C:\Users\maxim\.m2\repository\org\springframework\boot\spring-boot-starter-tomcat\2.0.3.RELEASE\spring-boot-starter-tomcat-2.0.3.RELEASE.jar;C:\Users\maxim\.m2\repository\org\apache\tomcat\embed\tomcat-embed-core\8.5.31\tomcat-embed-core-8.5.31.jar;C:\Users\maxim\.m2\repository\org\apache\tomcat\embed\tomcat-embed-el\8.5.31\tomcat-embed-el-8.5.31.jar;C:\Users\maxim\.m2\repository\org\apache\tomcat\embed\tomcat-embed-websocket\8.5.31\tomcat-embed-websocket-8.5.31.jar;C:\Users\maxim\.m2\repository\org\hibernate\validator\hibernate-validator\6.0.10.Final\hibernate-validator-6.0.10.Final.jar;C:\Users\maxim\.m2\repository\javax\validation\validation-api\2.0.1.Final\validation-api-2.0.1.Final.jar;C:\Users\maxim\.m2\repository\org\jboss\logging\jboss-logging\3.3.2.Final\jboss-logging-3.3.2.Final.jar;C:\Users\maxim\.m2\repository\com\fasterxml\classmate\1.3.4\classmate-1.3.4.jar;C:\Users\maxim\.m2\repository\org\springframework\spring-webmvc\5.0.7.RELEASE\spring-webmvc-5.0.7.RELEASE.jar;C:\Users\maxim\.m2\repository\org\springframework\boot\spring-boot-starter-test\2.0.3.RELEASE\spring-boot-starter-test-2.0.3.RELEASE.jar;C:\Users\maxim\.m2\repository\org\springframework\boot\spring-boot-test\2.0.3.RELEASE\spring-boot-test-2.0.3.RELEASE.jar;C:\Users\maxim\.m2\repository\org\springframework\boot\spring-boot-test-autoconfigure\2.0.3.RELEASE\spring-boot-test-autoconfigure-2.0.3.RELEASE.jar;C:\Users\maxim\.m2\repository\com\jayway\jsonpath\json-path\2.4.0\json-path-2.4.0.jar;C:\Users\maxim\.m2\repository\net\minidev\json-smart\2.3\json-smart-2.3.jar;C:\Users\maxim\.m2\repository\net\minidev\accessors-smart\1.2\accessors-smart-1.2.jar;C:\Users\maxim\.m2\repository\org\ow2\asm\asm\5.0.4\asm-5.0.4.jar;C:\Users\maxim\.m2\repository\org\slf4j\slf4j-api\1.7.25\slf4j-api-1.7.25.jar;C:\Users\maxim\.m2\repository\junit\junit\4.12\junit-4.12.jar;C:\Users\maxim\.m2\repository\org\assertj\assertj-core\3.9.1\assertj-core-3.9.1.jar;C:\Users\maxim\.m2\repository\org\mockito\mockito-core\2.15.0\mockito-core-2.15.0.jar;C:\Users\maxim\.m2\repository\net\bytebuddy\byte-buddy\1.7.9\byte-buddy-1.7.9.jar;C:\Users\maxim\.m2\repository\net\bytebuddy\byte-buddy-agent\1.7.9\byte-buddy-agent-1.7.9.jar;C:\Users\maxim\.m2\repository\org\objenesis\objenesis\2.6\objenesis-2.6.jar;C:\Users\maxim\.m2\repository\org\hamcrest\hamcrest-core\1.3\hamcrest-core-1.3.jar;C:\Users\maxim\.m2\repository\org\hamcrest\hamcrest-library\1.3\hamcrest-library-1.3.jar;C:\Users\maxim\.m2\repository\org\skyscreamer\jsonassert\1.5.0\jsonassert-1.5.0.jar;C:\Users\maxim\.m2\repository\com\vaadin\external\google\android-json\0.0.20131108.vaadin1\android-json-0.0.20131108.vaadin1.jar;C:\Users\maxim\.m2\repository\org\springframework\spring-test\5.0.7.RELEASE\spring-test-5.0.7.RELEASE.jar;C:\Users\maxim\.m2\repository\org\xmlunit\xmlunit-core\2.5.1\xmlunit-core-2.5.1.jar;C:\Users\maxim\.m2\repository\org\springframework\boot\spring-boot-starter-security\2.0.4.RELEASE\spring-boot-starter-security-2.0.4.RELEASE.jar;C:\Users\maxim\.m2\repository\org\springframework\spring-aop\5.0.8.RELEASE\spring-aop-5.0.8.RELEASE.jar;C:\Users\maxim\.m2\repository\org\springframework\security\spring-security-config\5.0.7.RELEASE\spring-security-config-5.0.7.RELEASE.jar;C:\Users\maxim\.m2\repository\org\springframework\security\spring-security-core\5.0.7.RELEASE\spring-security-core-5.0.7.RELEASE.jar;C:\Users\maxim\.m2\repository\org\springframework\security\spring-security-web\5.0.7.RELEASE\spring-security-web-5.0.7.RELEASE.jar;C:\Users\maxim\.m2\repository\org\springframework\boot\spring-boot\2.0.4.RELEASE\spring-boot-2.0.4.RELEASE.jar;C:\Users\maxim\.m2\repository\org\springframework\spring-context\5.0.7.RELEASE\spring-context-5.0.7.RELEASE.jar;C:\Users\maxim\.m2\repository\org\springframework\spring-beans\5.0.7.RELEASE\spring-beans-5.0.7.RELEASE.jar;C:\Users\maxim\.m2\repository\org\springframework\spring-expression\5.0.7.RELEASE\spring-expression-5.0.7.RELEASE.jar;C:\Users\maxim\.m2\repository\org\springframework\spring-core\5.0.7.RELEASE\spring-core-5.0.7.RELEASE.jar;C:\Users\maxim\.m2\repository\org\springframework\spring-jcl\5.0.7.RELEASE\spring-jcl-5.0.7.RELEASE.jar;C:\Users\maxim\.m2\repository\org\springframework\boot\spring-boot-autoconfigure\2.0.3.RELEASE\spring-boot-autoconfigure-2.0.3.RELEASE.jar;C:\Users\maxim\.m2\repository\org\springframework\spring-web\5.0.7.RELEASE\spring-web-5.0.7.RELEASE.jar;C:\Users\maxim\.m2\repository\io\jsonwebtoken\jjwt\0.9.1\jjwt-0.9.1.jar;C:\Users\maxim\.m2\repository\com\fasterxml\jackson\core\jackson-databind\2.9.6\jackson-databind-2.9.6.jar;C:\Users\maxim\.m2\repository\com\fasterxml\jackson\core\jackson-annotations\2.9.0\jackson-annotations-2.9.0.jar;C:\Users\maxim\.m2\repository\com\fasterxml\jackson\core\jackson-core\2.9.6\jackson-core-2.9.6.jar;C:\Users\maxim\.m2\repository\org\junit\jupiter\junit-jupiter-api\5.1.0\junit-jupiter-api-5.1.0.jar;C:\Users\maxim\.m2\repository\org\apiguardian\apiguardian-api\1.0.0\apiguardian-api-1.0.0.jar;C:\Users\maxim\.m2\repository\org\opentest4j\opentest4j\1.0.0\opentest4j-1.0.0.jar;C:\Users\maxim\.m2\repository\org\junit\platform\junit-platform-commons\1.1.0\junit-platform-commons-1.1.0.jar;C:\Users\maxim\.m2\repository\org\mongodb\mongodb-driver-sync\3.9.1\mongodb-driver-sync-3.9.1.jar;C:\Users\maxim\.m2\repository\org\mongodb\bson\3.9.1\bson-3.9.1.jar;C:\Users\maxim\.m2\repository\org\mongodb\mongodb-driver-core\3.9.1\mongodb-driver-core-3.9.1.jar;"/>
    <property name="java.vm.vendor" value="Oracle Corporation"/>
    <property name="sun.arch.data.model" value="64"/>
    <property name="user.variant" value=""/>
    <property name="java.vendor.url" value="https://openjdk.java.net/"/>
    <property name="user.timezone" value="Asia/Jerusalem"/>
    <property name="user.country.format" value="IL"/>
    <property name="java.vm.specification.version" value="11"/>
    <property name="os.name" value="Windows 10"/>
    <property name="sun.java.launcher" value="SUN_STANDARD"/>
    <property name="user.country" value="US"/>
    <property name="sun.boot.library.path" value="C:\Program Files\Java\jdk-11.0.9\bin"/>
    <property name="sun.java.command" value="C:\Users\maxim\AppData\Local\Temp\surefire10972239364913312430\surefirebooter16308961892773242724.jar C:\Users\maxim\AppData\Local\Temp\surefire10972239364913312430 2021-01-09T13-00-44_895-jvmRun1 surefire8801608772988074088tmp surefire_013771639456714620409tmp"/>
    <property name="jdk.debug" value="release"/>
    <property name="surefire.test.class.path" value="D:\projects\mongo\java\mflix\target\test-classes;D:\projects\mongo\java\mflix\target\classes;C:\Users\maxim\.m2\repository\org\springframework\boot\spring-boot-starter-web\2.0.3.RELEASE\spring-boot-starter-web-2.0.3.RELEASE.jar;C:\Users\maxim\.m2\repository\org\springframework\boot\spring-boot-starter\2.0.3.RELEASE\spring-boot-starter-2.0.3.RELEASE.jar;C:\Users\maxim\.m2\repository\org\springframework\boot\spring-boot-starter-logging\2.0.3.RELEASE\spring-boot-starter-logging-2.0.3.RELEASE.jar;C:\Users\maxim\.m2\repository\ch\qos\logback\logback-classic\1.2.3\logback-classic-1.2.3.jar;C:\Users\maxim\.m2\repository\ch\qos\logback\logback-core\1.2.3\logback-core-1.2.3.jar;C:\Users\maxim\.m2\repository\org\apache\logging\log4j\log4j-to-slf4j\2.10.0\log4j-to-slf4j-2.10.0.jar;C:\Users\maxim\.m2\repository\org\apache\logging\log4j\log4j-api\2.10.0\log4j-api-2.10.0.jar;C:\Users\maxim\.m2\repository\org\slf4j\jul-to-slf4j\1.7.25\jul-to-slf4j-1.7.25.jar;C:\Users\maxim\.m2\repository\javax\annotation\javax.annotation-api\1.3.2\javax.annotation-api-1.3.2.jar;C:\Users\maxim\.m2\repository\org\yaml\snakeyaml\1.19\snakeyaml-1.19.jar;C:\Users\maxim\.m2\repository\org\springframework\boot\spring-boot-starter-json\2.0.3.RELEASE\spring-boot-starter-json-2.0.3.RELEASE.jar;C:\Users\maxim\.m2\repository\com\fasterxml\jackson\datatype\jackson-datatype-jdk8\2.9.6\jackson-datatype-jdk8-2.9.6.jar;C:\Users\maxim\.m2\repository\com\fasterxml\jackson\datatype\jackson-datatype-jsr310\2.9.6\jackson-datatype-jsr310-2.9.6.jar;C:\Users\maxim\.m2\repository\com\fasterxml\jackson\module\jackson-module-parameter-names\2.9.6\jackson-module-parameter-names-2.9.6.jar;C:\Users\maxim\.m2\repository\org\springframework\boot\spring-boot-starter-tomcat\2.0.3.RELEASE\spring-boot-starter-tomcat-2.0.3.RELEASE.jar;C:\Users\maxim\.m2\repository\org\apache\tomcat\embed\tomcat-embed-core\8.5.31\tomcat-embed-core-8.5.31.jar;C:\Users\maxim\.m2\repository\org\apache\tomcat\embed\tomcat-embed-el\8.5.31\tomcat-embed-el-8.5.31.jar;C:\Users\maxim\.m2\repository\org\apache\tomcat\embed\tomcat-embed-websocket\8.5.31\tomcat-embed-websocket-8.5.31.jar;C:\Users\maxim\.m2\repository\org\hibernate\validator\hibernate-validator\6.0.10.Final\hibernate-validator-6.0.10.Final.jar;C:\Users\maxim\.m2\repository\javax\validation\validation-api\2.0.1.Final\validation-api-2.0.1.Final.jar;C:\Users\maxim\.m2\repository\org\jboss\logging\jboss-logging\3.3.2.Final\jboss-logging-3.3.2.Final.jar;C:\Users\maxim\.m2\repository\com\fasterxml\classmate\1.3.4\classmate-1.3.4.jar;C:\Users\maxim\.m2\repository\org\springframework\spring-webmvc\5.0.7.RELEASE\spring-webmvc-5.0.7.RELEASE.jar;C:\Users\maxim\.m2\repository\org\springframework\boot\spring-boot-starter-test\2.0.3.RELEASE\spring-boot-starter-test-2.0.3.RELEASE.jar;C:\Users\maxim\.m2\repository\org\springframework\boot\spring-boot-test\2.0.3.RELEASE\spring-boot-test-2.0.3.RELEASE.jar;C:\Users\maxim\.m2\repository\org\springframework\boot\spring-boot-test-autoconfigure\2.0.3.RELEASE\spring-boot-test-autoconfigure-2.0.3.RELEASE.jar;C:\Users\maxim\.m2\repository\com\jayway\jsonpath\json-path\2.4.0\json-path-2.4.0.jar;C:\Users\maxim\.m2\repository\net\minidev\json-smart\2.3\json-smart-2.3.jar;C:\Users\maxim\.m2\repository\net\minidev\accessors-smart\1.2\accessors-smart-1.2.jar;C:\Users\maxim\.m2\repository\org\ow2\asm\asm\5.0.4\asm-5.0.4.jar;C:\Users\maxim\.m2\repository\org\slf4j\slf4j-api\1.7.25\slf4j-api-1.7.25.jar;C:\Users\maxim\.m2\repository\junit\junit\4.12\junit-4.12.jar;C:\Users\maxim\.m2\repository\org\assertj\assertj-core\3.9.1\assertj-core-3.9.1.jar;C:\Users\maxim\.m2\repository\org\mockito\mockito-core\2.15.0\mockito-core-2.15.0.jar;C:\Users\maxim\.m2\repository\net\bytebuddy\byte-buddy\1.7.9\byte-buddy-1.7.9.jar;C:\Users\maxim\.m2\repository\net\bytebuddy\byte-buddy-agent\1.7.9\byte-buddy-agent-1.7.9.jar;C:\Users\maxim\.m2\repository\org\objenesis\objenesis\2.6\objenesis-2.6.jar;C:\Users\maxim\.m2\repository\org\hamcrest\hamcrest-core\1.3\hamcrest-core-1.3.jar;C:\Users\maxim\.m2\repository\org\hamcrest\hamcrest-library\1.3\hamcrest-library-1.3.jar;C:\Users\maxim\.m2\repository\org\skyscreamer\jsonassert\1.5.0\jsonassert-1.5.0.jar;C:\Users\maxim\.m2\repository\com\vaadin\external\google\android-json\0.0.20131108.vaadin1\android-json-0.0.20131108.vaadin1.jar;C:\Users\maxim\.m2\repository\org\springframework\spring-test\5.0.7.RELEASE\spring-test-5.0.7.RELEASE.jar;C:\Users\maxim\.m2\repository\org\xmlunit\xmlunit-core\2.5.1\xmlunit-core-2.5.1.jar;C:\Users\maxim\.m2\repository\org\springframework\boot\spring-boot-starter-security\2.0.4.RELEASE\spring-boot-starter-security-2.0.4.RELEASE.jar;C:\Users\maxim\.m2\repository\org\springframework\spring-aop\5.0.8.RELEASE\spring-aop-5.0.8.RELEASE.jar;C:\Users\maxim\.m2\repository\org\springframework\security\spring-security-config\5.0.7.RELEASE\spring-security-config-5.0.7.RELEASE.jar;C:\Users\maxim\.m2\repository\org\springframework\security\spring-security-core\5.0.7.RELEASE\spring-security-core-5.0.7.RELEASE.jar;C:\Users\maxim\.m2\repository\org\springframework\security\spring-security-web\5.0.7.RELEASE\spring-security-web-5.0.7.RELEASE.jar;C:\Users\maxim\.m2\repository\org\springframework\boot\spring-boot\2.0.4.RELEASE\spring-boot-2.0.4.RELEASE.jar;C:\Users\maxim\.m2\repository\org\springframework\spring-context\5.0.7.RELEASE\spring-context-5.0.7.RELEASE.jar;C:\Users\maxim\.m2\repository\org\springframework\spring-beans\5.0.7.RELEASE\spring-beans-5.0.7.RELEASE.jar;C:\Users\maxim\.m2\repository\org\springframework\spring-expression\5.0.7.RELEASE\spring-expression-5.0.7.RELEASE.jar;C:\Users\maxim\.m2\repository\org\springframework\spring-core\5.0.7.RELEASE\spring-core-5.0.7.RELEASE.jar;C:\Users\maxim\.m2\repository\org\springframework\spring-jcl\5.0.7.RELEASE\spring-jcl-5.0.7.RELEASE.jar;C:\Users\maxim\.m2\repository\org\springframework\boot\spring-boot-autoconfigure\2.0.3.RELEASE\spring-boot-autoconfigure-2.0.3.RELEASE.jar;C:\Users\maxim\.m2\repository\org\springframework\spring-web\5.0.7.RELEASE\spring-web-5.0.7.RELEASE.jar;C:\Users\maxim\.m2\repository\io\jsonwebtoken\jjwt\0.9.1\jjwt-0.9.1.jar;C:\Users\maxim\.m2\repository\com\fasterxml\jackson\core\jackson-databind\2.9.6\jackson-databind-2.9.6.jar;C:\Users\maxim\.m2\repository\com\fasterxml\jackson\core\jackson-annotations\2.9.0\jackson-annotations-2.9.0.jar;C:\Users\maxim\.m2\repository\com\fasterxml\jackson\core\jackson-core\2.9.6\jackson-core-2.9.6.jar;C:\Users\maxim\.m2\repository\org\junit\jupiter\junit-jupiter-api\5.1.0\junit-jupiter-api-5.1.0.jar;C:\Users\maxim\.m2\repository\org\apiguardian\apiguardian-api\1.0.0\apiguardian-api-1.0.0.jar;C:\Users\maxim\.m2\repository\org\opentest4j\opentest4j\1.0.0\opentest4j-1.0.0.jar;C:\Users\maxim\.m2\repository\org\junit\platform\junit-platform-commons\1.1.0\junit-platform-commons-1.1.0.jar;C:\Users\maxim\.m2\repository\org\mongodb\mongodb-driver-sync\3.9.1\mongodb-driver-sync-3.9.1.jar;C:\Users\maxim\.m2\repository\org\mongodb\bson\3.9.1\bson-3.9.1.jar;C:\Users\maxim\.m2\repository\org\mongodb\mongodb-driver-core\3.9.1\mongodb-driver-core-3.9.1.jar;"/>
    <property name="sun.cpu.endian" value="little"/>
    <property name="user.home" value="C:\Users\maxim"/>
    <property name="user.language" value="en"/>
    <property name="java.specification.vendor" value="Oracle Corporation"/>
    <property name="java.version.date" value="2020-10-20"/>
    <property name="java.home" value="C:\Program Files\Java\jdk-11.0.9"/>
    <property name="file.separator" value="\"/>
    <property name="basedir" value="D:\projects\mongo\java\mflix"/>
    <property name="java.vm.compressedOopsMode" value="Zero based"/>
    <property name="line.separator" value="&#10;"/>
    <property name="java.specification.name" value="Java Platform API Specification"/>
    <property name="java.vm.specification.vendor" value="Oracle Corporation"/>
    <property name="java.awt.graphicsenv" value="sun.awt.Win32GraphicsEnvironment"/>
    <property name="surefire.real.class.path" value="C:\Users\maxim\AppData\Local\Temp\surefire10972239364913312430\surefirebooter16308961892773242724.jar"/>
    <property name="user.script" value=""/>
    <property name="sun.management.compiler" value="HotSpot 64-Bit Tiered Compilers"/>
    <property name="java.runtime.version" value="11.0.9+7-LTS"/>
    <property name="user.name" value="maxim"/>
    <property name="path.separator" value=";"/>
    <property name="os.version" value="10.0"/>
    <property name="java.runtime.name" value="Java(TM) SE Runtime Environment"/>
    <property name="file.encoding" value="Cp1252"/>
    <property name="java.vm.name" value="Java HotSpot(TM) 64-Bit Server VM"/>
    <property name="java.vendor.version" value="18.9"/>
    <property name="localRepository" value="C:\Users\maxim\.m2\repository"/>
    <property name="java.vendor.url.bug" value="https://bugreport.java.com/bugreport/"/>
    <property name="java.io.tmpdir" value="C:\Users\maxim\AppData\Local\Temp\"/>
    <property name="java.version" value="11.0.9"/>
    <property name="user.dir" value="D:\projects\mongo\java\mflix"/>
    <property name="os.arch" value="amd64"/>
    <property name="java.vm.specification.name" value="Java Virtual Machine Specification"/>
    <property name="java.awt.printerjob" value="sun.awt.windows.WPrinterJob"/>
    <property name="sun.os.patch.level" value=""/>
    <property name="java.library.path" value="C:\Program Files\Java\jdk-11.0.9\bin;C:\Windows\Sun\Java\bin;C:\Windows\system32;C:\Windows;D:/install/eclipse-java-2020-12-R-win32-x86_64/eclipse//plugins/org.eclipse.justj.openjdk.hotspot.jre.full.win32.x86_64_15.0.1.v20201027-0507/jre/bin/server;D:/install/eclipse-java-2020-12-R-win32-x86_64/eclipse//plugins/org.eclipse.justj.openjdk.hotspot.jre.full.win32.x86_64_15.0.1.v20201027-0507/jre/bin;C:\Windows\system32;C:\Windows;C:\Windows\System32\Wbem;C:\Windows\System32\WindowsPowerShell\v1.0\;C:\Windows\System32\OpenSSH\;C:\Program Files\Java\jdk-11.0.9\bin;C:\Program Files\Java\jdk-11.0.9\bin;D:\install\apache-zookeeper-3.6.2\apache-zookeeper-3.6.2-bin\apache-zookeeper-3.6.2-bin\bin;D:\install\gradle-6.7.1-all\gradle-6.7.1\bin;C:\Users\maxim\AppData\Local\Microsoft\WindowsApps;;D:\install\eclipse-java-2020-12-R-win32-x86_64\eclipse;;."/>
    <property name="java.vendor" value="Oracle Corporation"/>
    <property name="java.vm.info" value="mixed mode"/>
    <property name="java.vm.version" value="11.0.9+7-LTS"/>
    <property name="sun.io.unicode.encoding" value="UnicodeLittle"/>
    <property name="java.class.version" value="55.0"/>
  </properties>
  <testcase name="testAllDocumentsIMDBRatingNumber" classname="mflix.api.daos.MigrationTest" time="3.175">
    <failure message="Should not find documents where `imdb.rating` is of not of `number` type expected:&lt;0&gt; but was:&lt;61&gt;" type="java.lang.AssertionError"><![CDATA[java.lang.AssertionError: Should not find documents where `imdb.rating` is of not of `number` type expected:<0> but was:<61>
	at mflix.api.daos.MigrationTest.testAllDocumentsIMDBRatingNumber(MigrationTest.java:42)
]]></failure>
    <system-out><![CDATA[2021-01-09 13:01:07.328  INFO 19220 --- [           main] org.mongodb.driver.cluster               : Cluster created with settings {hosts=[realmcluster-shard-00-01.yoydx.mongodb.net:27017, realmcluster-shard-00-00.yoydx.mongodb.net:27017, realmcluster-shard-00-02.yoydx.mongodb.net:27017], mode=MULTIPLE, requiredClusterType=REPLICA_SET, serverSelectionTimeout='30000 ms', maxWaitQueueSize=500, requiredReplicaSetName='atlas-go3wdy-shard-0'}
2021-01-09 13:01:07.328  INFO 19220 --- [           main] org.mongodb.driver.cluster               : Adding discovered server realmcluster-shard-00-01.yoydx.mongodb.net:27017 to client view of cluster
2021-01-09 13:01:07.329  INFO 19220 --- [           main] org.mongodb.driver.cluster               : Adding discovered server realmcluster-shard-00-00.yoydx.mongodb.net:27017 to client view of cluster
2021-01-09 13:01:07.329  INFO 19220 --- [           main] org.mongodb.driver.cluster               : Adding discovered server realmcluster-shard-00-02.yoydx.mongodb.net:27017 to client view of cluster
2021-01-09 13:01:07.331  INFO 19220 --- [           main] org.mongodb.driver.cluster               : No server chosen by com.mongodb.client.internal.MongoClientDelegate$1@3487442d from cluster description ClusterDescription{type=REPLICA_SET, connectionMode=MULTIPLE, serverDescriptions=[ServerDescription{address=realmcluster-shard-00-02.yoydx.mongodb.net:27017, type=UNKNOWN, state=CONNECTING}, ServerDescription{address=realmcluster-shard-00-00.yoydx.mongodb.net:27017, type=UNKNOWN, state=CONNECTING}, ServerDescription{address=realmcluster-shard-00-01.yoydx.mongodb.net:27017, type=UNKNOWN, state=CONNECTING}]}. Waiting for 30000 ms before timing out
2021-01-09 13:01:08.035  INFO 19220 --- [ngodb.net:27017] org.mongodb.driver.connection            : Opened connection [connectionId{localValue:14, serverValue:27830}] to realmcluster-shard-00-00.yoydx.mongodb.net:27017
2021-01-09 13:01:08.069  INFO 19220 --- [ngodb.net:27017] org.mongodb.driver.connection            : Opened connection [connectionId{localValue:15, serverValue:39618}] to realmcluster-shard-00-02.yoydx.mongodb.net:27017
2021-01-09 13:01:08.174  INFO 19220 --- [ngodb.net:27017] org.mongodb.driver.cluster               : Monitor thread successfully connected to server with description ServerDescription{address=realmcluster-shard-00-00.yoydx.mongodb.net:27017, type=REPLICA_SET_SECONDARY, state=CONNECTED, ok=true, version=ServerVersion{versionList=[4, 4, 3]}, minWireVersion=0, maxWireVersion=9, maxDocumentSize=16777216, logicalSessionTimeoutMinutes=30, roundTripTimeNanos=138474700, setName='atlas-go3wdy-shard-0', canonicalAddress=realmcluster-shard-00-00.yoydx.mongodb.net:27017, hosts=[realmcluster-shard-00-00.yoydx.mongodb.net:27017, realmcluster-shard-00-01.yoydx.mongodb.net:27017, realmcluster-shard-00-02.yoydx.mongodb.net:27017], passives=[], arbiters=[], primary='realmcluster-shard-00-01.yoydx.mongodb.net:27017', tagSet=TagSet{[Tag{name='provider', value='AWS'}, Tag{name='workloadType', value='OPERATIONAL'}, Tag{name='nodeType', value='ELECTABLE'}, Tag{name='region', value='US_EAST_1'}]}, electionId=null, setVersion=1, lastWriteDate=Sat Jan 09 13:01:06 IST 2021, lastUpdateTimeNanos=14068271513000}
2021-01-09 13:01:08.175  INFO 19220 --- [           main] org.mongodb.driver.cluster               : No server chosen by ReadPreferenceServerSelector{readPreference=primary} from cluster description ClusterDescription{type=REPLICA_SET, connectionMode=MULTIPLE, serverDescriptions=[ServerDescription{address=realmcluster-shard-00-02.yoydx.mongodb.net:27017, type=UNKNOWN, state=CONNECTING}, ServerDescription{address=realmcluster-shard-00-00.yoydx.mongodb.net:27017, type=REPLICA_SET_SECONDARY, state=CONNECTED, ok=true, version=ServerVersion{versionList=[4, 4, 3]}, minWireVersion=0, maxWireVersion=9, maxDocumentSize=16777216, logicalSessionTimeoutMinutes=30, roundTripTimeNanos=138474700, setName='atlas-go3wdy-shard-0', canonicalAddress=realmcluster-shard-00-00.yoydx.mongodb.net:27017, hosts=[realmcluster-shard-00-00.yoydx.mongodb.net:27017, realmcluster-shard-00-01.yoydx.mongodb.net:27017, realmcluster-shard-00-02.yoydx.mongodb.net:27017], passives=[], arbiters=[], primary='realmcluster-shard-00-01.yoydx.mongodb.net:27017', tagSet=TagSet{[Tag{name='provider', value='AWS'}, Tag{name='workloadType', value='OPERATIONAL'}, Tag{name='nodeType', value='ELECTABLE'}, Tag{name='region', value='US_EAST_1'}]}, electionId=null, setVersion=1, lastWriteDate=Sat Jan 09 13:01:06 IST 2021, lastUpdateTimeNanos=14068271513000}, ServerDescription{address=realmcluster-shard-00-01.yoydx.mongodb.net:27017, type=UNKNOWN, state=CONNECTING}]}. Waiting for 30000 ms before timing out
2021-01-09 13:01:08.223  INFO 19220 --- [ngodb.net:27017] org.mongodb.driver.cluster               : Monitor thread successfully connected to server with description ServerDescription{address=realmcluster-shard-00-02.yoydx.mongodb.net:27017, type=REPLICA_SET_SECONDARY, state=CONNECTED, ok=true, version=ServerVersion{versionList=[4, 4, 3]}, minWireVersion=0, maxWireVersion=9, maxDocumentSize=16777216, logicalSessionTimeoutMinutes=30, roundTripTimeNanos=153857600, setName='atlas-go3wdy-shard-0', canonicalAddress=realmcluster-shard-00-02.yoydx.mongodb.net:27017, hosts=[realmcluster-shard-00-00.yoydx.mongodb.net:27017, realmcluster-shard-00-01.yoydx.mongodb.net:27017, realmcluster-shard-00-02.yoydx.mongodb.net:27017], passives=[], arbiters=[], primary='realmcluster-shard-00-01.yoydx.mongodb.net:27017', tagSet=TagSet{[Tag{name='region', value='US_EAST_1'}, Tag{name='nodeType', value='ELECTABLE'}, Tag{name='workloadType', value='OPERATIONAL'}, Tag{name='provider', value='AWS'}]}, electionId=null, setVersion=1, lastWriteDate=Sat Jan 09 13:01:06 IST 2021, lastUpdateTimeNanos=14068321998400}
2021-01-09 13:01:08.590  INFO 19220 --- [ngodb.net:27017] org.mongodb.driver.connection            : Opened connection [connectionId{localValue:13, serverValue:31692}] to realmcluster-shard-00-01.yoydx.mongodb.net:27017
2021-01-09 13:01:08.814  INFO 19220 --- [ngodb.net:27017] org.mongodb.driver.cluster               : Monitor thread successfully connected to server with description ServerDescription{address=realmcluster-shard-00-00.yoydx.mongodb.net:27017, type=REPLICA_SET_SECONDARY, state=CONNECTED, ok=true, version=ServerVersion{versionList=[4, 4, 3]}, minWireVersion=0, maxWireVersion=9, maxDocumentSize=16777216, logicalSessionTimeoutMinutes=30, roundTripTimeNanos=138455040, setName='atlas-go3wdy-shard-0', canonicalAddress=realmcluster-shard-00-00.yoydx.mongodb.net:27017, hosts=[realmcluster-shard-00-00.yoydx.mongodb.net:27017, realmcluster-shard-00-01.yoydx.mongodb.net:27017, realmcluster-shard-00-02.yoydx.mongodb.net:27017], passives=[], arbiters=[], primary='realmcluster-shard-00-01.yoydx.mongodb.net:27017', tagSet=TagSet{[Tag{name='nodeType', value='ELECTABLE'}, Tag{name='provider', value='AWS'}, Tag{name='workloadType', value='OPERATIONAL'}, Tag{name='region', value='US_EAST_1'}]}, electionId=null, setVersion=1, lastWriteDate=Sat Jan 09 13:01:07 IST 2021, lastUpdateTimeNanos=14068911710600}
2021-01-09 13:01:08.879  INFO 19220 --- [ngodb.net:27017] org.mongodb.driver.cluster               : Monitor thread successfully connected to server with description ServerDescription{address=realmcluster-shard-00-01.yoydx.mongodb.net:27017, type=REPLICA_SET_PRIMARY, state=CONNECTED, ok=true, version=ServerVersion{versionList=[4, 4, 3]}, minWireVersion=0, maxWireVersion=9, maxDocumentSize=16777216, logicalSessionTimeoutMinutes=30, roundTripTimeNanos=288091900, setName='atlas-go3wdy-shard-0', canonicalAddress=realmcluster-shard-00-01.yoydx.mongodb.net:27017, hosts=[realmcluster-shard-00-00.yoydx.mongodb.net:27017, realmcluster-shard-00-01.yoydx.mongodb.net:27017, realmcluster-shard-00-02.yoydx.mongodb.net:27017], passives=[], arbiters=[], primary='realmcluster-shard-00-01.yoydx.mongodb.net:27017', tagSet=TagSet{[Tag{name='region', value='US_EAST_1'}, Tag{name='nodeType', value='ELECTABLE'}, Tag{name='workloadType', value='OPERATIONAL'}, Tag{name='provider', value='AWS'}]}, electionId=7fffffff0000000000000007, setVersion=1, lastWriteDate=Sat Jan 09 13:01:07 IST 2021, lastUpdateTimeNanos=14068976481600}
2021-01-09 13:01:08.879  INFO 19220 --- [ngodb.net:27017] org.mongodb.driver.cluster               : Setting max election id to 7fffffff0000000000000007 from replica set primary realmcluster-shard-00-01.yoydx.mongodb.net:27017
2021-01-09 13:01:08.879  INFO 19220 --- [ngodb.net:27017] org.mongodb.driver.cluster               : Setting max set version to 1 from replica set primary realmcluster-shard-00-01.yoydx.mongodb.net:27017
2021-01-09 13:01:08.880  INFO 19220 --- [ngodb.net:27017] org.mongodb.driver.cluster               : Discovered replica set primary realmcluster-shard-00-01.yoydx.mongodb.net:27017
2021-01-09 13:01:09.535  INFO 19220 --- [ngodb.net:27017] org.mongodb.driver.cluster               : Monitor thread successfully connected to server with description ServerDescription{address=realmcluster-shard-00-00.yoydx.mongodb.net:27017, type=REPLICA_SET_SECONDARY, state=CONNECTED, ok=true, version=ServerVersion{versionList=[4, 4, 3]}, minWireVersion=0, maxWireVersion=9, maxDocumentSize=16777216, logicalSessionTimeoutMinutes=30, roundTripTimeNanos=138023155, setName='atlas-go3wdy-shard-0', canonicalAddress=realmcluster-shard-00-00.yoydx.mongodb.net:27017, hosts=[realmcluster-shard-00-00.yoydx.mongodb.net:27017, realmcluster-shard-00-01.yoydx.mongodb.net:27017, realmcluster-shard-00-02.yoydx.mongodb.net:27017], passives=[], arbiters=[], primary='realmcluster-shard-00-01.yoydx.mongodb.net:27017', tagSet=TagSet{[Tag{name='nodeType', value='ELECTABLE'}, Tag{name='provider', value='AWS'}, Tag{name='workloadType', value='OPERATIONAL'}, Tag{name='region', value='US_EAST_1'}]}, electionId=null, setVersion=1, lastWriteDate=Sat Jan 09 13:01:08 IST 2021, lastUpdateTimeNanos=14069633876500}
2021-01-09 13:01:09.536  INFO 19220 --- [ngodb.net:27017] org.mongodb.driver.cluster               : Monitor thread successfully connected to server with description ServerDescription{address=realmcluster-shard-00-01.yoydx.mongodb.net:27017, type=REPLICA_SET_PRIMARY, state=CONNECTED, ok=true, version=ServerVersion{versionList=[4, 4, 3]}, minWireVersion=0, maxWireVersion=9, maxDocumentSize=16777216, logicalSessionTimeoutMinutes=30, roundTripTimeNanos=191791128, setName='atlas-go3wdy-shard-0', canonicalAddress=realmcluster-shard-00-01.yoydx.mongodb.net:27017, hosts=[realmcluster-shard-00-00.yoydx.mongodb.net:27017, realmcluster-shard-00-01.yoydx.mongodb.net:27017, realmcluster-shard-00-02.yoydx.mongodb.net:27017], passives=[], arbiters=[], primary='realmcluster-shard-00-01.yoydx.mongodb.net:27017', tagSet=TagSet{[Tag{name='region', value='US_EAST_1'}, Tag{name='provider', value='AWS'}, Tag{name='workloadType', value='OPERATIONAL'}, Tag{name='nodeType', value='ELECTABLE'}]}, electionId=7fffffff0000000000000007, setVersion=1, lastWriteDate=Sat Jan 09 13:01:08 IST 2021, lastUpdateTimeNanos=14069634745500}
2021-01-09 13:01:09.874  INFO 19220 --- [ngodb.net:27017] org.mongodb.driver.cluster               : Monitor thread successfully connected to server with description ServerDescription{address=realmcluster-shard-00-02.yoydx.mongodb.net:27017, type=REPLICA_SET_SECONDARY, state=CONNECTED, ok=true, version=ServerVersion{versionList=[4, 4, 3]}, minWireVersion=0, maxWireVersion=9, maxDocumentSize=16777216, logicalSessionTimeoutMinutes=30, roundTripTimeNanos=161022850, setName='atlas-go3wdy-shard-0', canonicalAddress=realmcluster-shard-00-02.yoydx.mongodb.net:27017, hosts=[realmcluster-shard-00-00.yoydx.mongodb.net:27017, realmcluster-shard-00-01.yoydx.mongodb.net:27017, realmcluster-shard-00-02.yoydx.mongodb.net:27017], passives=[], arbiters=[], primary='realmcluster-shard-00-01.yoydx.mongodb.net:27017', tagSet=TagSet{[Tag{name='region', value='US_EAST_1'}, Tag{name='nodeType', value='ELECTABLE'}, Tag{name='workloadType', value='OPERATIONAL'}, Tag{name='provider', value='AWS'}]}, electionId=null, setVersion=1, lastWriteDate=Sat Jan 09 13:01:08 IST 2021, lastUpdateTimeNanos=14069972035900}
2021-01-09 13:01:10.258  INFO 19220 --- [           main] org.mongodb.driver.connection            : Opened connection [connectionId{localValue:16, serverValue:31884}] to realmcluster-shard-00-01.yoydx.mongodb.net:27017
]]></system-out>
  </testcase>
  <testcase name="testAllDocumentsUpdateDateIsDateType" classname="mflix.api.daos.MigrationTest" time="2.935">
    <failure message="Should not find documents where `lastupdated` is of `string` type expected:&lt;0&gt; but was:&lt;23530&gt;" type="java.lang.AssertionError"><![CDATA[java.lang.AssertionError: Should not find documents where `lastupdated` is of `string` type expected:<0> but was:<23530>
	at mflix.api.daos.MigrationTest.testAllDocumentsUpdateDateIsDateType(MigrationTest.java:31)
]]></failure>
    <system-out><![CDATA[2021-01-09 13:01:10.507  INFO 19220 --- [           main] org.mongodb.driver.cluster               : Cluster created with settings {hosts=[realmcluster-shard-00-00.yoydx.mongodb.net:27017, realmcluster-shard-00-02.yoydx.mongodb.net:27017, realmcluster-shard-00-01.yoydx.mongodb.net:27017], mode=MULTIPLE, requiredClusterType=REPLICA_SET, serverSelectionTimeout='30000 ms', maxWaitQueueSize=500, requiredReplicaSetName='atlas-go3wdy-shard-0'}
2021-01-09 13:01:10.508  INFO 19220 --- [           main] org.mongodb.driver.cluster               : Adding discovered server realmcluster-shard-00-00.yoydx.mongodb.net:27017 to client view of cluster
2021-01-09 13:01:10.508  INFO 19220 --- [           main] org.mongodb.driver.cluster               : Adding discovered server realmcluster-shard-00-02.yoydx.mongodb.net:27017 to client view of cluster
2021-01-09 13:01:10.508  INFO 19220 --- [           main] org.mongodb.driver.cluster               : Adding discovered server realmcluster-shard-00-01.yoydx.mongodb.net:27017 to client view of cluster
2021-01-09 13:01:10.509  INFO 19220 --- [           main] org.mongodb.driver.cluster               : No server chosen by com.mongodb.client.internal.MongoClientDelegate$1@4def7d36 from cluster description ClusterDescription{type=REPLICA_SET, connectionMode=MULTIPLE, serverDescriptions=[ServerDescription{address=realmcluster-shard-00-02.yoydx.mongodb.net:27017, type=UNKNOWN, state=CONNECTING}, ServerDescription{address=realmcluster-shard-00-00.yoydx.mongodb.net:27017, type=UNKNOWN, state=CONNECTING}, ServerDescription{address=realmcluster-shard-00-01.yoydx.mongodb.net:27017, type=UNKNOWN, state=CONNECTING}]}. Waiting for 30000 ms before timing out
2021-01-09 13:01:11.245  INFO 19220 --- [ngodb.net:27017] org.mongodb.driver.connection            : Opened connection [connectionId{localValue:17, serverValue:27653}] to realmcluster-shard-00-00.yoydx.mongodb.net:27017
2021-01-09 13:01:11.281  INFO 19220 --- [ngodb.net:27017] org.mongodb.driver.connection            : Opened connection [connectionId{localValue:18, serverValue:39181}] to realmcluster-shard-00-02.yoydx.mongodb.net:27017
2021-01-09 13:01:11.283  INFO 19220 --- [ngodb.net:27017] org.mongodb.driver.connection            : Opened connection [connectionId{localValue:19, serverValue:32163}] to realmcluster-shard-00-01.yoydx.mongodb.net:27017
2021-01-09 13:01:11.391  INFO 19220 --- [ngodb.net:27017] org.mongodb.driver.cluster               : Monitor thread successfully connected to server with description ServerDescription{address=realmcluster-shard-00-00.yoydx.mongodb.net:27017, type=REPLICA_SET_SECONDARY, state=CONNECTED, ok=true, version=ServerVersion{versionList=[4, 4, 3]}, minWireVersion=0, maxWireVersion=9, maxDocumentSize=16777216, logicalSessionTimeoutMinutes=30, roundTripTimeNanos=144810900, setName='atlas-go3wdy-shard-0', canonicalAddress=realmcluster-shard-00-00.yoydx.mongodb.net:27017, hosts=[realmcluster-shard-00-00.yoydx.mongodb.net:27017, realmcluster-shard-00-01.yoydx.mongodb.net:27017, realmcluster-shard-00-02.yoydx.mongodb.net:27017], passives=[], arbiters=[], primary='realmcluster-shard-00-01.yoydx.mongodb.net:27017', tagSet=TagSet{[Tag{name='provider', value='AWS'}, Tag{name='region', value='US_EAST_1'}, Tag{name='nodeType', value='ELECTABLE'}, Tag{name='workloadType', value='OPERATIONAL'}]}, electionId=null, setVersion=1, lastWriteDate=Sat Jan 09 13:01:10 IST 2021, lastUpdateTimeNanos=14071489151100}
2021-01-09 13:01:11.391  INFO 19220 --- [           main] org.mongodb.driver.cluster               : No server chosen by ReadPreferenceServerSelector{readPreference=primary} from cluster description ClusterDescription{type=REPLICA_SET, connectionMode=MULTIPLE, serverDescriptions=[ServerDescription{address=realmcluster-shard-00-02.yoydx.mongodb.net:27017, type=UNKNOWN, state=CONNECTING}, ServerDescription{address=realmcluster-shard-00-00.yoydx.mongodb.net:27017, type=REPLICA_SET_SECONDARY, state=CONNECTED, ok=true, version=ServerVersion{versionList=[4, 4, 3]}, minWireVersion=0, maxWireVersion=9, maxDocumentSize=16777216, logicalSessionTimeoutMinutes=30, roundTripTimeNanos=144810900, setName='atlas-go3wdy-shard-0', canonicalAddress=realmcluster-shard-00-00.yoydx.mongodb.net:27017, hosts=[realmcluster-shard-00-00.yoydx.mongodb.net:27017, realmcluster-shard-00-01.yoydx.mongodb.net:27017, realmcluster-shard-00-02.yoydx.mongodb.net:27017], passives=[], arbiters=[], primary='realmcluster-shard-00-01.yoydx.mongodb.net:27017', tagSet=TagSet{[Tag{name='provider', value='AWS'}, Tag{name='region', value='US_EAST_1'}, Tag{name='nodeType', value='ELECTABLE'}, Tag{name='workloadType', value='OPERATIONAL'}]}, electionId=null, setVersion=1, lastWriteDate=Sat Jan 09 13:01:10 IST 2021, lastUpdateTimeNanos=14071489151100}, ServerDescription{address=realmcluster-shard-00-01.yoydx.mongodb.net:27017, type=UNKNOWN, state=CONNECTING}]}. Waiting for 30000 ms before timing out
2021-01-09 13:01:11.419  INFO 19220 --- [ngodb.net:27017] org.mongodb.driver.cluster               : Monitor thread successfully connected to server with description ServerDescription{address=realmcluster-shard-00-02.yoydx.mongodb.net:27017, type=REPLICA_SET_SECONDARY, state=CONNECTED, ok=true, version=ServerVersion{versionList=[4, 4, 3]}, minWireVersion=0, maxWireVersion=9, maxDocumentSize=16777216, logicalSessionTimeoutMinutes=30, roundTripTimeNanos=136573100, setName='atlas-go3wdy-shard-0', canonicalAddress=realmcluster-shard-00-02.yoydx.mongodb.net:27017, hosts=[realmcluster-shard-00-00.yoydx.mongodb.net:27017, realmcluster-shard-00-01.yoydx.mongodb.net:27017, realmcluster-shard-00-02.yoydx.mongodb.net:27017], passives=[], arbiters=[], primary='realmcluster-shard-00-01.yoydx.mongodb.net:27017', tagSet=TagSet{[Tag{name='region', value='US_EAST_1'}, Tag{name='nodeType', value='ELECTABLE'}, Tag{name='workloadType', value='OPERATIONAL'}, Tag{name='provider', value='AWS'}]}, electionId=null, setVersion=1, lastWriteDate=Sat Jan 09 13:01:10 IST 2021, lastUpdateTimeNanos=14071516648100}
2021-01-09 13:01:11.570  INFO 19220 --- [ngodb.net:27017] org.mongodb.driver.cluster               : Monitor thread successfully connected to server with description ServerDescription{address=realmcluster-shard-00-01.yoydx.mongodb.net:27017, type=REPLICA_SET_PRIMARY, state=CONNECTED, ok=true, version=ServerVersion{versionList=[4, 4, 3]}, minWireVersion=0, maxWireVersion=9, maxDocumentSize=16777216, logicalSessionTimeoutMinutes=30, roundTripTimeNanos=285740600, setName='atlas-go3wdy-shard-0', canonicalAddress=realmcluster-shard-00-01.yoydx.mongodb.net:27017, hosts=[realmcluster-shard-00-00.yoydx.mongodb.net:27017, realmcluster-shard-00-01.yoydx.mongodb.net:27017, realmcluster-shard-00-02.yoydx.mongodb.net:27017], passives=[], arbiters=[], primary='realmcluster-shard-00-01.yoydx.mongodb.net:27017', tagSet=TagSet{[Tag{name='nodeType', value='ELECTABLE'}, Tag{name='provider', value='AWS'}, Tag{name='region', value='US_EAST_1'}, Tag{name='workloadType', value='OPERATIONAL'}]}, electionId=7fffffff0000000000000007, setVersion=1, lastWriteDate=Sat Jan 09 13:01:10 IST 2021, lastUpdateTimeNanos=14071667957400}
2021-01-09 13:01:11.570  INFO 19220 --- [ngodb.net:27017] org.mongodb.driver.cluster               : Setting max election id to 7fffffff0000000000000007 from replica set primary realmcluster-shard-00-01.yoydx.mongodb.net:27017
2021-01-09 13:01:11.570  INFO 19220 --- [ngodb.net:27017] org.mongodb.driver.cluster               : Setting max set version to 1 from replica set primary realmcluster-shard-00-01.yoydx.mongodb.net:27017
2021-01-09 13:01:11.570  INFO 19220 --- [ngodb.net:27017] org.mongodb.driver.cluster               : Discovered replica set primary realmcluster-shard-00-01.yoydx.mongodb.net:27017
2021-01-09 13:01:12.037  INFO 19220 --- [ngodb.net:27017] org.mongodb.driver.cluster               : Monitor thread successfully connected to server with description ServerDescription{address=realmcluster-shard-00-00.yoydx.mongodb.net:27017, type=REPLICA_SET_SECONDARY, state=CONNECTED, ok=true, version=ServerVersion{versionList=[4, 4, 3]}, minWireVersion=0, maxWireVersion=9, maxDocumentSize=16777216, logicalSessionTimeoutMinutes=30, roundTripTimeNanos=145020720, setName='atlas-go3wdy-shard-0', canonicalAddress=realmcluster-shard-00-00.yoydx.mongodb.net:27017, hosts=[realmcluster-shard-00-00.yoydx.mongodb.net:27017, realmcluster-shard-00-01.yoydx.mongodb.net:27017, realmcluster-shard-00-02.yoydx.mongodb.net:27017], passives=[], arbiters=[], primary='realmcluster-shard-00-01.yoydx.mongodb.net:27017', tagSet=TagSet{[Tag{name='workloadType', value='OPERATIONAL'}, Tag{name='region', value='US_EAST_1'}, Tag{name='nodeType', value='ELECTABLE'}, Tag{name='provider', value='AWS'}]}, electionId=null, setVersion=1, lastWriteDate=Sat Jan 09 13:01:10 IST 2021, lastUpdateTimeNanos=14072134542800}
2021-01-09 13:01:12.753  INFO 19220 --- [ngodb.net:27017] org.mongodb.driver.cluster               : Monitor thread successfully connected to server with description ServerDescription{address=realmcluster-shard-00-01.yoydx.mongodb.net:27017, type=REPLICA_SET_PRIMARY, state=CONNECTED, ok=true, version=ServerVersion{versionList=[4, 4, 3]}, minWireVersion=0, maxWireVersion=9, maxDocumentSize=16777216, logicalSessionTimeoutMinutes=30, roundTripTimeNanos=154979984, setName='atlas-go3wdy-shard-0', canonicalAddress=realmcluster-shard-00-01.yoydx.mongodb.net:27017, hosts=[realmcluster-shard-00-00.yoydx.mongodb.net:27017, realmcluster-shard-00-01.yoydx.mongodb.net:27017, realmcluster-shard-00-02.yoydx.mongodb.net:27017], passives=[], arbiters=[], primary='realmcluster-shard-00-01.yoydx.mongodb.net:27017', tagSet=TagSet{[Tag{name='workloadType', value='OPERATIONAL'}, Tag{name='provider', value='AWS'}, Tag{name='region', value='US_EAST_1'}, Tag{name='nodeType', value='ELECTABLE'}]}, electionId=7fffffff0000000000000007, setVersion=1, lastWriteDate=Sat Jan 09 13:01:11 IST 2021, lastUpdateTimeNanos=14072850728200}
2021-01-09 13:01:13.064  INFO 19220 --- [           main] org.mongodb.driver.connection            : Opened connection [connectionId{localValue:20, serverValue:32103}] to realmcluster-shard-00-01.yoydx.mongodb.net:27017
2021-01-09 13:01:13.172  INFO 19220 --- [ngodb.net:27017] org.mongodb.driver.cluster               : Monitor thread successfully connected to server with description ServerDescription{address=realmcluster-shard-00-00.yoydx.mongodb.net:27017, type=REPLICA_SET_SECONDARY, state=CONNECTED, ok=true, version=ServerVersion{versionList=[4, 4, 3]}, minWireVersion=0, maxWireVersion=9, maxDocumentSize=16777216, logicalSessionTimeoutMinutes=30, roundTripTimeNanos=145778859, setName='atlas-go3wdy-shard-0', canonicalAddress=realmcluster-shard-00-00.yoydx.mongodb.net:27017, hosts=[realmcluster-shard-00-00.yoydx.mongodb.net:27017, realmcluster-shard-00-01.yoydx.mongodb.net:27017, realmcluster-shard-00-02.yoydx.mongodb.net:27017], passives=[], arbiters=[], primary='realmcluster-shard-00-01.yoydx.mongodb.net:27017', tagSet=TagSet{[Tag{name='provider', value='AWS'}, Tag{name='workloadType', value='OPERATIONAL'}, Tag{name='nodeType', value='ELECTABLE'}, Tag{name='region', value='US_EAST_1'}]}, electionId=null, setVersion=1, lastWriteDate=Sat Jan 09 13:01:11 IST 2021, lastUpdateTimeNanos=14073270583700}
2021-01-09 13:01:13.332  INFO 19220 --- [ngodb.net:27017] org.mongodb.driver.cluster               : Monitor thread successfully connected to server with description ServerDescription{address=realmcluster-shard-00-02.yoydx.mongodb.net:27017, type=REPLICA_SET_SECONDARY, state=CONNECTED, ok=true, version=ServerVersion{versionList=[4, 4, 3]}, minWireVersion=0, maxWireVersion=9, maxDocumentSize=16777216, logicalSessionTimeoutMinutes=30, roundTripTimeNanos=158526176, setName='atlas-go3wdy-shard-0', canonicalAddress=realmcluster-shard-00-02.yoydx.mongodb.net:27017, hosts=[realmcluster-shard-00-00.yoydx.mongodb.net:27017, realmcluster-shard-00-01.yoydx.mongodb.net:27017, realmcluster-shard-00-02.yoydx.mongodb.net:27017], passives=[], arbiters=[], primary='realmcluster-shard-00-01.yoydx.mongodb.net:27017', tagSet=TagSet{[Tag{name='nodeType', value='ELECTABLE'}, Tag{name='region', value='US_EAST_1'}, Tag{name='provider', value='AWS'}, Tag{name='workloadType', value='OPERATIONAL'}]}, electionId=null, setVersion=1, lastWriteDate=Sat Jan 09 13:01:11 IST 2021, lastUpdateTimeNanos=14073430598300}
]]></system-out>
  </testcase>
</testsuite>